<?xml version="1.0" encoding="UTF-8"?>
<coverage generated="1725913468694" clover="3.2.0">
  <project timestamp="1725913468694" name="All files">
    <metrics statements="7" coveredstatements="7" conditionals="4" coveredconditionals="4" methods="4" coveredmethods="4" elements="15" coveredelements="15" complexity="0" loc="7" ncloc="7" packages="1" files="1" classes="1"/>
    <file name="mommify.ts" path="/Users/tanongsakintean/Desktop/jest-basic-mommify/src/mommify.ts">
      <metrics statements="7" coveredstatements="7" conditionals="4" coveredconditionals="4" methods="4" coveredmethods="4"/>
      <line num="1" count="1" type="stmt"/>
      <line num="2" count="2" type="stmt"/>
      <line num="4" count="4" type="cond" truecount="2" falsecount="0"/>
      <line num="7" count="1" type="stmt"/>
      <line num="8" count="11" type="stmt"/>
      <line num="9" count="5" type="stmt"/>
      <line num="10" count="5" type="cond" truecount="2" falsecount="0"/>
    </file>
  </project>
</coverage>
