{"/Users/tanongsakintean/Desktop/jest-basic-mommify/src/mommify.ts": {"path":"/Users/tanongsakintean/Desktop/jest-basic-mommify/src/mommify.ts","statementMap":{"0":{"start":{"line":1,"column":22},"end":{"line":6,"column":1}},"1":{"start":{"line":2,"column":2},"end":{"line":5,"column":14}},"2":{"start":{"line":4,"column":18},"end":{"line":4,"column":42}},"3":{"start":{"line":7,"column":23},"end":{"line":11,"column":1}},"4":{"start":{"line":8,"column":21},"end":{"line":8,"column":74}},"5":{"start":{"line":8,"column":54},"end":{"line":8,"column":66}},"6":{"start":{"line":9,"column":23},"end":{"line":9,"column":54}},"7":{"start":{"line":10,"column":2},"end":{"line":10,"column":53}},"8":{"start":{"line":7,"column":13},"end":{"line":7,"column":23}}},"fnMap":{"0":{"name":"(anonymous_0)","decl":{"start":{"line":1,"column":22},"end":{"line":1,"column":23}},"loc":{"start":{"line":1,"column":48},"end":{"line":6,"column":1}}},"1":{"name":"(anonymous_1)","decl":{"start":{"line":4,"column":9},"end":{"line":4,"column":10}},"loc":{"start":{"line":4,"column":18},"end":{"line":4,"column":42}}},"2":{"name":"(anonymous_2)","decl":{"start":{"line":7,"column":23},"end":{"line":7,"column":24}},"loc":{"start":{"line":7,"column":49},"end":{"line":11,"column":1}}},"3":{"name":"(anonymous_3)","decl":{"start":{"line":8,"column":44},"end":{"line":8,"column":45}},"loc":{"start":{"line":8,"column":54},"end":{"line":8,"column":66}}}},"branchMap":{"0":{"loc":{"start":{"line":4,"column":18},"end":{"line":4,"column":42}},"type":"cond-expr","locations":[{"start":{"line":4,"column":30},"end":{"line":4,"column":37}},{"start":{"line":4,"column":40},"end":{"line":4,"column":42}}]},"1":{"loc":{"start":{"line":10,"column":9},"end":{"line":10,"column":52}},"type":"cond-expr","locations":[{"start":{"line":10,"column":24},"end":{"line":10,"column":44}},{"start":{"line":10,"column":47},"end":{"line":10,"column":52}}]}},"s":{"0":1,"1":2,"2":4,"3":1,"4":5,"5":11,"6":5,"7":5,"8":1},"f":{"0":2,"1":4,"2":5,"3":11},"b":{"0":[2,2],"1":[2,3]}}
}
